2021-03-29 13:21:25,592 Running Multi-Resolution Filtering (MRF) on "decals" and "df" images!
2021-03-29 13:21:25,600 Subtract BACKVAL=706.1 of Dragonfly image
2021-03-29 13:21:25,699 Magnify Dragonfly image with a factor of 3.0:
2021-03-29 13:21:27,775 Register high resolution image "/netb/dokkum/data/DWFS/decals_frames/tile_223.647_1.376_decals_cutout_g.fits" with "/netb/dokkum/data/DWFS/tile_frames/tile_223.647_1.376_g.fits"
2021-03-29 13:21:42,663 Register high resolution image "/netb/dokkum/data/DWFS/decals_frames/tile_223.647_1.376_decals_cutout_r.fits" with "/netb/dokkum/data/DWFS/tile_frames/tile_223.647_1.376_g.fits"
2021-03-29 13:21:57,629 Build flux models on high-resolution images: Blue band
2021-03-29 13:21:57,630     - sigma = 2.0, minarea = 5
2021-03-29 13:21:57,631     - deblend_cont = 0.00500, deblend_nthres = 32.0
2021-03-29 13:21:59,725     - Detect 8991 objects
2021-03-29 13:22:04,406 Build flux models on high-resolution images: Red band
2021-03-29 13:22:04,407     - sigma = 2.0, minarea = 5
2021-03-29 13:22:04,408     - deblend_cont = 0.00500, deblend_nthres = 32.0
2021-03-29 13:22:06,506     - Detect 9954 objects
2021-03-29 13:22:11,363 Make color correction to blue band, remove artifacts as well
2021-03-29 13:22:12,084     - color_term = 0.03
2021-03-29 13:22:12,098     - median_color (blue/red) = 0.52866
2021-03-29 13:22:13,845 Extract objects from color-corrected high resolution image with:
2021-03-29 13:22:13,846     - sigma = 2.0, minarea = 5
2021-03-29 13:22:13,846     - deblend_cont = 0.00500, deblend_nthres = 32.0
2021-03-29 13:22:15,917     - Detect 9025 objects
2021-03-29 13:22:16,230 Remove bright stars from this segmentation map, using SEP results.
2021-03-29 13:22:16,231     - Bright star limit = 16
2021-03-29 13:22:17,880     - 158 stars removed. 
2021-03-29 13:22:30,863 Flux model from high resolution image has been built.
2021-03-29 13:22:30,910 Build convolving kernel to degrade high resolution image.
2021-03-29 13:22:31,028     - Rejected Object 1: flux deviation = 5.433
2021-03-29 13:22:31,367     - Rejected Object 10: flux deviation = 1.928
2021-03-29 13:22:32,055     - Rejected Object 28: flux deviation = 0.832
2021-03-29 13:22:32,824     - You have 47 good stars to generate the median kernel
2021-03-29 13:22:33,570 findfont: Font family ['sans-serif'] not found. Falling back to DejaVu Sans.
2021-03-29 13:22:40,671     - Convolving image, this could be a bit slow @_@
2021-03-29 13:22:44,115     - Removing low-SB objects (SB > 20) from flux model.
2021-03-29 13:22:44,257     - Kernel flux = 82.62817936940394
2021-03-29 13:22:44,264     - Maximum of flux_model / conv_model = 440737.446
2021-03-29 13:22:44,306     - SB limit in counts / pixel = 6.9444
2021-03-29 13:22:45,692     - Removed 78 low surface brightness objects from flux model.
2021-03-29 13:22:59,637     - Convolving image, this could be a bit slow @_@
2021-03-29 13:23:04,174 Compact objects has been subtracted from low-resolution image! Saved as "./output/g_res.fits".
2021-03-29 13:23:04,193 Extract objects from compact-object-subtracted low-resolution image with:
2021-03-29 13:23:04,194     - sigma = 4.0, minarea = 5
2021-03-29 13:23:04,194     - deblend_cont = 0.00500, deblend_nthres = 32.0
2021-03-29 13:23:04,303     - Detect 533 objects
2021-03-29 13:23:04,318 Stack stars to get PSF model!
2021-03-29 13:23:04,319     - Match detected objects with previously discard stars
2021-03-29 13:23:04,360     - Get 15 stars to be stacked!
2021-03-29 13:23:04,599     - Stars are stacked successfully!
2021-03-29 13:23:23,717 Wide-PSF parameters:
2021-03-29 13:23:23,718     - n=array([3.44, 2.89, 2.07, 4.  ])
2021-03-29 13:23:23,718     - theta=array([   5. ,   64.6,  117.5, 1200. ])
2021-03-29 13:23:24,671 Draw star halo models onto the image, and subtract them!
2021-03-29 13:23:24,840 findfont: Font family ['sans-serif'] not found. Falling back to DejaVu Sans.
2021-03-29 13:23:29,751 Bright star halos are subtracted!
2021-03-29 13:23:29,753 Clean the image!
2021-03-29 13:23:30,135     - Replace artifacts with void.
2021-03-29 13:23:30,323 The final result is saved as "./output/g_final.fits"!
2021-03-29 13:23:30,324 The mask is saved as "./output/g_mask.fits"!
2021-03-29 13:23:30,324 Delete all temporary files!
2021-03-29 13:23:31,955 Determine surface brightness detection limit
2021-03-29 13:23:31,956     - Binning factors: dx = 24, dy = 24
2021-03-29 13:23:31,957     - Used bin area / True bin area = 1.00000
2021-03-29 13:23:32,794     - 1.0-sigma variation in counts = 0.3331 +- 0.0091
2021-03-29 13:23:32,794     - 1.0-sigma surface brightness limit on 60 arcsec scale is 30.4832 +- 0.0412
2021-03-29 13:23:33,072 findfont: Font family ['sans-serif'] not found. Falling back to DejaVu Sans.
2021-03-29 13:23:33,075 findfont: Font family ['sans-serif'] not found. Falling back to DejaVu Sans.
2021-03-29 13:23:37,175 Task finished! (⁎⁍̴̛ᴗ⁍̴̛⁎)
2021-03-29 13:24:42,487 findfont: Font family ['cursive'] not found. Falling back to DejaVu Sans.
2021-03-29 13:24:42,490 findfont: Font family ['sans'] not found. Falling back to DejaVu Sans.
2021-03-29 13:24:42,492 findfont: Font family ['sans'] not found. Falling back to DejaVu Sans.
2021-03-29 13:24:42,494 findfont: Font family ['sans'] not found. Falling back to DejaVu Sans.
