2021-04-23 16:55:03,949 Running Multi-Resolution Filtering (MRF) on "decals" and "df" images!
2021-04-23 16:55:03,956 Subtract BACKVAL=632.7 of Dragonfly image
2021-04-23 16:55:03,965 Magnify Dragonfly image with a factor of 3.0:
2021-04-23 16:55:06,222 Register high resolution image "/netb/dokkum/data/DWFS/decals_frames/tile_223.647_-1.424_SloanG_decals_cutout_g.fits" with "./tile_223.647_-1.424_SloanG_IR_1.fits"
2021-04-23 16:55:21,392 Register high resolution image "/netb/dokkum/data/DWFS/decals_frames/tile_223.647_-1.424_SloanG_decals_cutout_r.fits" with "./tile_223.647_-1.424_SloanG_IR_1.fits"
2021-04-23 16:55:36,566 Build flux models on high-resolution images: Blue band
2021-04-23 16:55:36,567     - sigma = 2.0, minarea = 5
2021-04-23 16:55:36,568     - deblend_cont = 0.00500, deblend_nthres = 32.0
2021-04-23 16:55:38,880     - Detect 9784 objects
2021-04-23 16:55:43,403 Build flux models on high-resolution images: Red band
2021-04-23 16:55:43,404     - sigma = 2.0, minarea = 5
2021-04-23 16:55:43,405     - deblend_cont = 0.00500, deblend_nthres = 32.0
2021-04-23 16:55:46,038     - Detect 12772 objects
2021-04-23 16:55:52,771 Make color correction to blue band, remove artifacts as well
2021-04-23 16:55:53,574     - color_term = 0.03
2021-04-23 16:55:53,588     - median_color (blue/red) = 0.54158
2021-04-23 16:55:55,575 Extract objects from color-corrected high resolution image with:
2021-04-23 16:55:55,576     - sigma = 2.0, minarea = 5
2021-04-23 16:55:55,576     - deblend_cont = 0.00500, deblend_nthres = 32.0
2021-04-23 16:55:57,786     - Detect 9797 objects
2021-04-23 16:55:58,092 Remove bright stars from this segmentation map, using SEP results.
2021-04-23 16:55:58,093     - Bright star limit = 16
2021-04-23 16:56:00,033     - 187 stars removed. 
2021-04-23 16:56:13,467 Flux model from high resolution image has been built.
2021-04-23 16:56:13,515 Build convolving kernel to degrade high resolution image.
2021-04-23 16:56:13,771     - Rejected Object 5: flux deviation = 0.962
2021-04-23 16:56:14,482     - Rejected Object 24: flux deviation = 1.552
2021-04-23 16:56:14,520     - Rejected Object 25: flux deviation = 1.179
2021-04-23 16:56:15,416     - You have 47 good stars to generate the median kernel
2021-04-23 16:56:15,470     - Convolving image, this could be a bit slow @_@
2021-04-23 16:56:19,033     - Removing low-SB objects (SB > 20) from flux model.
2021-04-23 16:56:19,185     - Kernel flux = 74.57799868663676
2021-04-23 16:56:19,191     - Maximum of flux_model / conv_model = 590918.150
2021-04-23 16:56:19,234     - SB limit in counts / pixel = 6.9444
2021-04-23 16:56:20,646     - Removed 46 low surface brightness objects from flux model.
2021-04-23 16:56:34,435     - Convolving image, this could be a bit slow @_@
2021-04-23 16:56:39,234 Compact objects has been subtracted from low-resolution image! Saved as "./output_IR/g_res.fits".
2021-04-23 16:56:39,253 Extract objects from compact-object-subtracted low-resolution image with:
2021-04-23 16:56:39,254     - sigma = 4.0, minarea = 5
2021-04-23 16:56:39,254     - deblend_cont = 0.00500, deblend_nthres = 32.0
2021-04-23 16:56:39,373     - Detect 616 objects
2021-04-23 16:56:39,392 Stack stars to get PSF model!
2021-04-23 16:56:39,392     - Match detected objects with previously discard stars
2021-04-23 16:56:39,434     - Get 15 stars to be stacked!
2021-04-23 16:56:39,691     - Stars are stacked successfully!
2021-04-23 16:56:39,824 Wide-PSF parameters:
2021-04-23 16:56:39,825     - n=array([3.44, 2.89, 2.07, 4.  ])
2021-04-23 16:56:39,826     - theta=array([   5. ,   64.6,  117.5, 1200. ])
2021-04-23 16:56:40,204 Draw star halo models onto the image, and subtract them!
2021-04-23 16:56:46,444 Bright star halos are subtracted!
2021-04-23 16:56:46,446 Clean the image!
2021-04-23 16:56:46,817     - Replace artifacts with void.
2021-04-23 16:56:47,015 The final result is saved as "./output_IR/g_final.fits"!
2021-04-23 16:56:47,015 The mask is saved as "./output_IR/g_mask.fits"!
2021-04-23 16:56:47,016 Delete all temporary files!
2021-04-23 16:56:47,106 Determine surface brightness detection limit
2021-04-23 16:56:47,108     - Binning factors: dx = 24, dy = 24
2021-04-23 16:56:47,108     - Used bin area / True bin area = 1.00000
2021-04-23 16:56:48,001     - 1.0-sigma variation in counts = 0.3702 +- 0.0112
2021-04-23 16:56:48,001     - 1.0-sigma surface brightness limit on 60 arcsec scale is 30.3686 +- 0.0453
2021-04-23 16:56:48,326 findfont: Font family ['sans-serif'] not found. Falling back to DejaVu Sans.
2021-04-23 16:56:50,367 Task finished! (⁎⁍̴̛ᴗ⁍̴̛⁎)
